<?xml version="1.0" encoding="UTF-8"?>
<!-- Generated by org.testng.reporters.JUnitReportReporter -->
<testsuite hostname="DESKTOP-T1VS9JI" failures="0" tests="3" name="RestAssured._03_DymanicJSON" time="2.560" errors="0" timestamp="2023-05-16T20:31:05 EEST" skipped="0">
  <testcase classname="RestAssured._03_DymanicJSON" name="addBook" time="0.353"/>
  <system-out/>
  <testcase classname="RestAssured._03_DymanicJSON" name="addBook" time="0.378"/>
  <system-out/>
  <testcase classname="RestAssured._03_DymanicJSON" name="addBook" time="1.829"/>
  <system-out/>
</testsuite> <!-- RestAssured._03_DymanicJSON -->
