<?xml version="1.0" encoding="UTF-8"?>
<!-- Generated by org.testng.reporters.JUnitReportReporter -->
<testsuite hostname="DESKTOP-T1VS9JI" failures="0" tests="1" name="RestAssured._04_OAuth" time="3.798" errors="0" timestamp="2023-05-18T21:06:41 EEST" skipped="0">
  <testcase classname="RestAssured._04_OAuth" name="OAuth" time="3.798"/>
  <system-out/>
</testsuite> <!-- RestAssured._04_OAuth -->
