<?xml version="1.0" encoding="UTF-8"?>
<!-- Generated by org.testng.reporters.JUnitReportReporter -->
<testsuite hostname="DESKTOP-T1VS9JI" failures="0" tests="3" name="RestAssured._03_DymanicJSON" time="2.541" errors="0" timestamp="2023-05-19T10:56:30 EEST" skipped="0">
  <testcase classname="RestAssured._03_DymanicJSON" name="addBook" time="0.347"/>
  <system-out/>
  <testcase classname="RestAssured._03_DymanicJSON" name="addBook" time="0.354"/>
  <system-out/>
  <testcase classname="RestAssured._03_DymanicJSON" name="addBook" time="1.840"/>
  <system-out/>
</testsuite> <!-- RestAssured._03_DymanicJSON -->
